[22/Dec/2020:12:41:01] ENGINE Listening for SIGTERM.
[22/Dec/2020:12:41:01] ENGINE Listening for SIGHUP.
[22/Dec/2020:12:41:01] ENGINE Listening for SIGUSR1.
[22/Dec/2020:12:41:01] ENGINE Bus STARTING
[22/Dec/2020:12:41:01] ENGINE Started monitor thread 'Autoreloader'.
[22/Dec/2020:12:41:02] ENGINE Serving on http://0.0.0.0:8080
[22/Dec/2020:12:41:02] ENGINE Bus STARTED
[22/Dec/2020:12:57:03] ENGINE Keyboard Interrupt: shutting down bus
[22/Dec/2020:12:57:03] ENGINE Bus STOPPING
[22/Dec/2020:12:57:03] ENGINE HTTP Server cherrypy._cpwsgi_server.CPWSGIServer(('0.0.0.0', 8080)) shut down
[22/Dec/2020:12:57:03] ENGINE Stopped thread 'Autoreloader'.
[22/Dec/2020:12:57:03] ENGINE Bus STOPPED
[22/Dec/2020:12:57:03] ENGINE Bus EXITING
[22/Dec/2020:12:57:03] ENGINE Bus EXITED
[22/Dec/2020:12:57:03] ENGINE Waiting for child threads to terminate...
[22/Dec/2020:12:57:07] ENGINE Listening for SIGTERM.
[22/Dec/2020:12:57:07] ENGINE Listening for SIGHUP.
[22/Dec/2020:12:57:07] ENGINE Listening for SIGUSR1.
[22/Dec/2020:12:57:07] ENGINE Bus STARTING
[22/Dec/2020:12:57:07] ENGINE Started monitor thread 'Autoreloader'.
[22/Dec/2020:12:57:07] ENGINE Serving on http://0.0.0.0:8080
[22/Dec/2020:12:57:07] ENGINE Bus STARTED
[22/Dec/2020:12:57:52] ENGINE Keyboard Interrupt: shutting down bus
[22/Dec/2020:12:57:52] ENGINE Bus STOPPING
[22/Dec/2020:12:57:52] ENGINE HTTP Server cherrypy._cpwsgi_server.CPWSGIServer(('0.0.0.0', 8080)) shut down
[22/Dec/2020:12:57:52] ENGINE Stopped thread 'Autoreloader'.
[22/Dec/2020:12:57:52] ENGINE Bus STOPPED
[22/Dec/2020:12:57:52] ENGINE Bus EXITING
[22/Dec/2020:12:57:52] ENGINE Bus EXITED
[22/Dec/2020:12:57:52] ENGINE Waiting for child threads to terminate...
[22/Dec/2020:12:58:00] ENGINE Listening for SIGTERM.
[22/Dec/2020:12:58:00] ENGINE Listening for SIGHUP.
[22/Dec/2020:12:58:00] ENGINE Listening for SIGUSR1.
[22/Dec/2020:12:58:00] ENGINE Bus STARTING
[22/Dec/2020:12:58:00] ENGINE Started monitor thread 'Autoreloader'.
[22/Dec/2020:12:58:00] ENGINE Serving on http://0.0.0.0:8080
[22/Dec/2020:12:58:00] ENGINE Bus STARTED
[22/Dec/2020:12:58:48] ENGINE Keyboard Interrupt: shutting down bus
[22/Dec/2020:12:58:48] ENGINE Bus STOPPING
[22/Dec/2020:12:58:48] ENGINE HTTP Server cherrypy._cpwsgi_server.CPWSGIServer(('0.0.0.0', 8080)) shut down
[22/Dec/2020:12:58:48] ENGINE Stopped thread 'Autoreloader'.
[22/Dec/2020:12:58:48] ENGINE Bus STOPPED
[22/Dec/2020:12:58:48] ENGINE Bus EXITING
[22/Dec/2020:12:58:48] ENGINE Bus EXITED
[22/Dec/2020:12:58:48] ENGINE Waiting for child threads to terminate...
[22/Dec/2020:12:58:49] ENGINE Listening for SIGTERM.
[22/Dec/2020:12:58:49] ENGINE Listening for SIGHUP.
[22/Dec/2020:12:58:49] ENGINE Listening for SIGUSR1.
[22/Dec/2020:12:58:49] ENGINE Bus STARTING
[22/Dec/2020:12:58:49] ENGINE Started monitor thread 'Autoreloader'.
[22/Dec/2020:12:58:49] ENGINE Serving on http://0.0.0.0:8080
[22/Dec/2020:12:58:49] ENGINE Bus STARTED
[22/Dec/2020:22:02:37] HTTP 
Traceback (most recent call last):
  File "/Users/tanvirmahdad/opt/anaconda3/lib/python3.7/site-packages/cherrypy/_cprequest.py", line 638, in respond
    self._do_respond(path_info)
  File "/Users/tanvirmahdad/opt/anaconda3/lib/python3.7/site-packages/cherrypy/_cprequest.py", line 690, in _do_respond
    self.body.process()
  File "/Users/tanvirmahdad/opt/anaconda3/lib/python3.7/site-packages/cherrypy/_cpreqbody.py", line 982, in process
    super(RequestBody, self).process()
  File "/Users/tanvirmahdad/opt/anaconda3/lib/python3.7/site-packages/cherrypy/_cpreqbody.py", line 559, in process
    proc(self)
  File "/Users/tanvirmahdad/opt/anaconda3/lib/python3.7/site-packages/cherrypy/_cpreqbody.py", line 225, in process_multipart_form_data
    process_multipart(entity)
  File "/Users/tanvirmahdad/opt/anaconda3/lib/python3.7/site-packages/cherrypy/_cpreqbody.py", line 217, in process_multipart
    part.process()
  File "/Users/tanvirmahdad/opt/anaconda3/lib/python3.7/site-packages/cherrypy/_cpreqbody.py", line 559, in process
    proc(self)
  File "/Users/tanvirmahdad/opt/anaconda3/lib/python3.7/site-packages/cherrypy/_cpreqbody.py", line 225, in process_multipart_form_data
    process_multipart(entity)
  File "/Users/tanvirmahdad/opt/anaconda3/lib/python3.7/site-packages/cherrypy/_cpreqbody.py", line 199, in process_multipart
    raise ValueError('Invalid boundary in multipart form: %r' % (ib,))
ValueError: Invalid boundary in multipart form: ''
[22/Dec/2020:22:02:37] HTTP 
Request Headers:
  Remote-Addr: 192.168.0.9
  HOST: 192.168.0.10:8080
  CONNECTION: Keep-Alive
  ACCEPT-ENCODING: gzip
  USER-AGENT: okhttp/3.14.9
  Content-Type: multipart/form-data; boundary=8df3a64d-b0ba-4619-8f4a-d57715bcde69
  Content-Length: 128429
[23/Dec/2020:17:14:04] ENGINE Keyboard Interrupt: shutting down bus
[23/Dec/2020:17:14:04] ENGINE Bus STOPPING
[23/Dec/2020:17:14:04] ENGINE HTTP Server cherrypy._cpwsgi_server.CPWSGIServer(('0.0.0.0', 8080)) shut down
[23/Dec/2020:17:14:04] ENGINE Stopped thread 'Autoreloader'.
[23/Dec/2020:17:14:04] ENGINE Bus STOPPED
[23/Dec/2020:17:14:04] ENGINE Bus EXITING
[23/Dec/2020:17:14:04] ENGINE Bus EXITED
[23/Dec/2020:17:14:04] ENGINE Waiting for child threads to terminate...
[02/Jan/2021:12:32:55] ENGINE Listening for SIGTERM.
[02/Jan/2021:12:32:55] ENGINE Listening for SIGHUP.
[02/Jan/2021:12:32:55] ENGINE Listening for SIGUSR1.
[02/Jan/2021:12:32:55] ENGINE Bus STARTING
[02/Jan/2021:12:32:55] ENGINE Started monitor thread 'Autoreloader'.
[02/Jan/2021:12:32:55] ENGINE Serving on http://0.0.0.0:8080
[02/Jan/2021:12:32:55] ENGINE Bus STARTED
[02/Jan/2021:20:34:35] ENGINE Keyboard Interrupt: shutting down bus
[02/Jan/2021:20:34:35] ENGINE Bus STOPPING
[02/Jan/2021:20:34:35] ENGINE HTTP Server cherrypy._cpwsgi_server.CPWSGIServer(('0.0.0.0', 8080)) shut down
[02/Jan/2021:20:34:35] ENGINE Stopped thread 'Autoreloader'.
[02/Jan/2021:20:34:35] ENGINE Bus STOPPED
[02/Jan/2021:20:34:35] ENGINE Bus EXITING
[02/Jan/2021:20:34:35] ENGINE Bus EXITED
[02/Jan/2021:20:34:35] ENGINE Waiting for child threads to terminate...
